2021-07-02T04:37:15+00:00 CRITICAL Uncaught Error: Call to a member function get_cart_subtotal() on null in /home/rvmdlzwo/domains/anhducfpt.site/public_html/wp-content/themes/flatsome/template-parts/header/partials/element-cart.php:31
Stack trace:
#0 /home/rvmdlzwo/domains/anhducfpt.site/public_html/wp-includes/template.php(732): require()
#1 /home/rvmdlzwo/domains/anhducfpt.site/public_html/wp-includes/template.php(676): load_template('/home/rvmdlzwo/...', false, Array)
#2 /home/rvmdlzwo/domains/anhducfpt.site/public_html/wp-includes/general-template.php(204): locate_template(Array, true, false, Array)
#3 /home/rvmdlzwo/domains/anhducfpt.site/public_html/wp-content/themes/flatsome/inc/structure/structure-header.php(97): get_template_part('template-parts/...', '')
#4 /home/rvmdlzwo/domains/anhducfpt.site/public_html/wp-content/themes/flatsome/template-parts/header/header-main.php(27): flatsome_header_elements('header_elements...')
#5 /home/rvmdlzwo/domains/anhducfpt.site/public_html/wp-includes/template.php(732): require('/home/rvmdlzwo/...') in /home/rvmdlzwo/domains/anhducfpt.site/public_html/wp-content/themes/flatsome/template-parts/header/partials/element-cart.php on line 31

2021-07-02T04:37:19+00:00 CRITICAL Uncaught Error: Call to a member function get_cart_subtotal() on null in /home/rvmdlzwo/domains/anhducfpt.site/public_html/wp-content/themes/flatsome/template-parts/header/partials/element-cart.php:31
Stack trace:
#0 /home/rvmdlzwo/domains/anhducfpt.site/public_html/wp-includes/template.php(732): require()
#1 /home/rvmdlzwo/domains/anhducfpt.site/public_html/wp-includes/template.php(676): load_template('/home/rvmdlzwo/...', false, Array)
#2 /home/rvmdlzwo/domains/anhducfpt.site/public_html/wp-includes/general-template.php(204): locate_template(Array, true, false, Array)
#3 /home/rvmdlzwo/domains/anhducfpt.site/public_html/wp-content/themes/flatsome/inc/structure/structure-header.php(97): get_template_part('template-parts/...', '')
#4 /home/rvmdlzwo/domains/anhducfpt.site/public_html/wp-content/themes/flatsome/template-parts/header/header-main.php(27): flatsome_header_elements('header_elements...')
#5 /home/rvmdlzwo/domains/anhducfpt.site/public_html/wp-includes/template.php(732): require('/home/rvmdlzwo/...') in /home/rvmdlzwo/domains/anhducfpt.site/public_html/wp-content/themes/flatsome/template-parts/header/partials/element-cart.php on line 31

2021-07-02T08:01:45+00:00 CRITICAL Uncaught Error: Call to a member function get_cart_subtotal() on null in /home/rvmdlzwo/domains/anhducfpt.site/public_html/wp-content/themes/flatsome/template-parts/header/partials/element-cart.php:31
Stack trace:
#0 /home/rvmdlzwo/domains/anhducfpt.site/public_html/wp-includes/template.php(732): require()
#1 /home/rvmdlzwo/domains/anhducfpt.site/public_html/wp-includes/template.php(676): load_template('/home/rvmdlzwo/...', false, Array)
#2 /home/rvmdlzwo/domains/anhducfpt.site/public_html/wp-includes/general-template.php(204): locate_template(Array, true, false, Array)
#3 /home/rvmdlzwo/domains/anhducfpt.site/public_html/wp-content/themes/flatsome/inc/structure/structure-header.php(97): get_template_part('template-parts/...', '')
#4 /home/rvmdlzwo/domains/anhducfpt.site/public_html/wp-content/themes/flatsome/template-parts/header/header-main.php(27): flatsome_header_elements('header_elements...')
#5 /home/rvmdlzwo/domains/anhducfpt.site/public_html/wp-includes/template.php(732): require('/home/rvmdlzwo/...') in /home/rvmdlzwo/domains/anhducfpt.site/public_html/wp-content/themes/flatsome/template-parts/header/partials/element-cart.php on line 31

2021-07-02T08:01:47+00:00 CRITICAL Uncaught Error: Call to a member function get_cart_subtotal() on null in /home/rvmdlzwo/domains/anhducfpt.site/public_html/wp-content/themes/flatsome/template-parts/header/partials/element-cart.php:31
Stack trace:
#0 /home/rvmdlzwo/domains/anhducfpt.site/public_html/wp-includes/template.php(732): require()
#1 /home/rvmdlzwo/domains/anhducfpt.site/public_html/wp-includes/template.php(676): load_template('/home/rvmdlzwo/...', false, Array)
#2 /home/rvmdlzwo/domains/anhducfpt.site/public_html/wp-includes/general-template.php(204): locate_template(Array, true, false, Array)
#3 /home/rvmdlzwo/domains/anhducfpt.site/public_html/wp-content/themes/flatsome/inc/structure/structure-header.php(97): get_template_part('template-parts/...', '')
#4 /home/rvmdlzwo/domains/anhducfpt.site/public_html/wp-content/themes/flatsome/template-parts/header/header-main.php(27): flatsome_header_elements('header_elements...')
#5 /home/rvmdlzwo/domains/anhducfpt.site/public_html/wp-includes/template.php(732): require('/home/rvmdlzwo/...') in /home/rvmdlzwo/domains/anhducfpt.site/public_html/wp-content/themes/flatsome/template-parts/header/partials/element-cart.php on line 31

2021-07-02T17:31:24+00:00 CRITICAL Uncaught Error: Call to a member function get_cart_subtotal() on null in /home/rvmdlzwo/domains/anhducfpt.site/public_html/wp-content/themes/flatsome/template-parts/header/partials/element-cart.php:31
Stack trace:
#0 /home/rvmdlzwo/domains/anhducfpt.site/public_html/wp-includes/template.php(732): require()
#1 /home/rvmdlzwo/domains/anhducfpt.site/public_html/wp-includes/template.php(676): load_template('/home/rvmdlzwo/...', false, Array)
#2 /home/rvmdlzwo/domains/anhducfpt.site/public_html/wp-includes/general-template.php(204): locate_template(Array, true, false, Array)
#3 /home/rvmdlzwo/domains/anhducfpt.site/public_html/wp-content/themes/flatsome/inc/structure/structure-header.php(97): get_template_part('template-parts/...', '')
#4 /home/rvmdlzwo/domains/anhducfpt.site/public_html/wp-content/themes/flatsome/template-parts/header/header-main.php(27): flatsome_header_elements('header_elements...')
#5 /home/rvmdlzwo/domains/anhducfpt.site/public_html/wp-includes/template.php(732): require('/home/rvmdlzwo/...') in /home/rvmdlzwo/domains/anhducfpt.site/public_html/wp-content/themes/flatsome/template-parts/header/partials/element-cart.php on line 31

2021-07-02T17:31:27+00:00 CRITICAL Uncaught Error: Call to a member function get_cart_subtotal() on null in /home/rvmdlzwo/domains/anhducfpt.site/public_html/wp-content/themes/flatsome/template-parts/header/partials/element-cart.php:31
Stack trace:
#0 /home/rvmdlzwo/domains/anhducfpt.site/public_html/wp-includes/template.php(732): require()
#1 /home/rvmdlzwo/domains/anhducfpt.site/public_html/wp-includes/template.php(676): load_template('/home/rvmdlzwo/...', false, Array)
#2 /home/rvmdlzwo/domains/anhducfpt.site/public_html/wp-includes/general-template.php(204): locate_template(Array, true, false, Array)
#3 /home/rvmdlzwo/domains/anhducfpt.site/public_html/wp-content/themes/flatsome/inc/structure/structure-header.php(97): get_template_part('template-parts/...', '')
#4 /home/rvmdlzwo/domains/anhducfpt.site/public_html/wp-content/themes/flatsome/template-parts/header/header-main.php(27): flatsome_header_elements('header_elements...')
#5 /home/rvmdlzwo/domains/anhducfpt.site/public_html/wp-includes/template.php(732): require('/home/rvmdlzwo/...') in /home/rvmdlzwo/domains/anhducfpt.site/public_html/wp-content/themes/flatsome/template-parts/header/partials/element-cart.php on line 31

2021-07-02T18:59:28+00:00 CRITICAL Uncaught Error: Call to a member function get_cart_subtotal() on null in /home/rvmdlzwo/domains/anhducfpt.site/public_html/wp-content/themes/flatsome/template-parts/header/partials/element-cart.php:31
Stack trace:
#0 /home/rvmdlzwo/domains/anhducfpt.site/public_html/wp-includes/template.php(732): require()
#1 /home/rvmdlzwo/domains/anhducfpt.site/public_html/wp-includes/template.php(676): load_template('/home/rvmdlzwo/...', false, Array)
#2 /home/rvmdlzwo/domains/anhducfpt.site/public_html/wp-includes/general-template.php(204): locate_template(Array, true, false, Array)
#3 /home/rvmdlzwo/domains/anhducfpt.site/public_html/wp-content/themes/flatsome/inc/structure/structure-header.php(97): get_template_part('template-parts/...', '')
#4 /home/rvmdlzwo/domains/anhducfpt.site/public_html/wp-content/themes/flatsome/template-parts/header/header-main.php(27): flatsome_header_elements('header_elements...')
#5 /home/rvmdlzwo/domains/anhducfpt.site/public_html/wp-includes/template.php(732): require('/home/rvmdlzwo/...') in /home/rvmdlzwo/domains/anhducfpt.site/public_html/wp-content/themes/flatsome/template-parts/header/partials/element-cart.php on line 31

2021-07-02T18:59:30+00:00 CRITICAL Uncaught Error: Call to a member function get_cart_subtotal() on null in /home/rvmdlzwo/domains/anhducfpt.site/public_html/wp-content/themes/flatsome/template-parts/header/partials/element-cart.php:31
Stack trace:
#0 /home/rvmdlzwo/domains/anhducfpt.site/public_html/wp-includes/template.php(732): require()
#1 /home/rvmdlzwo/domains/anhducfpt.site/public_html/wp-includes/template.php(676): load_template('/home/rvmdlzwo/...', false, Array)
#2 /home/rvmdlzwo/domains/anhducfpt.site/public_html/wp-includes/general-template.php(204): locate_template(Array, true, false, Array)
#3 /home/rvmdlzwo/domains/anhducfpt.site/public_html/wp-content/themes/flatsome/inc/structure/structure-header.php(97): get_template_part('template-parts/...', '')
#4 /home/rvmdlzwo/domains/anhducfpt.site/public_html/wp-content/themes/flatsome/template-parts/header/header-main.php(27): flatsome_header_elements('header_elements...')
#5 /home/rvmdlzwo/domains/anhducfpt.site/public_html/wp-includes/template.php(732): require('/home/rvmdlzwo/...') in /home/rvmdlzwo/domains/anhducfpt.site/public_html/wp-content/themes/flatsome/template-parts/header/partials/element-cart.php on line 31

2021-07-02T20:33:38+00:00 CRITICAL Uncaught Error: Call to a member function get_cart_subtotal() on null in /home/rvmdlzwo/domains/anhducfpt.site/public_html/wp-content/themes/flatsome/template-parts/header/partials/element-cart.php:31
Stack trace:
#0 /home/rvmdlzwo/domains/anhducfpt.site/public_html/wp-includes/template.php(732): require()
#1 /home/rvmdlzwo/domains/anhducfpt.site/public_html/wp-includes/template.php(676): load_template('/home/rvmdlzwo/...', false, Array)
#2 /home/rvmdlzwo/domains/anhducfpt.site/public_html/wp-includes/general-template.php(204): locate_template(Array, true, false, Array)
#3 /home/rvmdlzwo/domains/anhducfpt.site/public_html/wp-content/themes/flatsome/inc/structure/structure-header.php(97): get_template_part('template-parts/...', '')
#4 /home/rvmdlzwo/domains/anhducfpt.site/public_html/wp-content/themes/flatsome/template-parts/header/header-main.php(27): flatsome_header_elements('header_elements...')
#5 /home/rvmdlzwo/domains/anhducfpt.site/public_html/wp-includes/template.php(732): require('/home/rvmdlzwo/...') in /home/rvmdlzwo/domains/anhducfpt.site/public_html/wp-content/themes/flatsome/template-parts/header/partials/element-cart.php on line 31

2021-07-02T20:33:41+00:00 CRITICAL Uncaught Error: Call to a member function get_cart_subtotal() on null in /home/rvmdlzwo/domains/anhducfpt.site/public_html/wp-content/themes/flatsome/template-parts/header/partials/element-cart.php:31
Stack trace:
#0 /home/rvmdlzwo/domains/anhducfpt.site/public_html/wp-includes/template.php(732): require()
#1 /home/rvmdlzwo/domains/anhducfpt.site/public_html/wp-includes/template.php(676): load_template('/home/rvmdlzwo/...', false, Array)
#2 /home/rvmdlzwo/domains/anhducfpt.site/public_html/wp-includes/general-template.php(204): locate_template(Array, true, false, Array)
#3 /home/rvmdlzwo/domains/anhducfpt.site/public_html/wp-content/themes/flatsome/inc/structure/structure-header.php(97): get_template_part('template-parts/...', '')
#4 /home/rvmdlzwo/domains/anhducfpt.site/public_html/wp-content/themes/flatsome/template-parts/header/header-main.php(27): flatsome_header_elements('header_elements...')
#5 /home/rvmdlzwo/domains/anhducfpt.site/public_html/wp-includes/template.php(732): require('/home/rvmdlzwo/...') in /home/rvmdlzwo/domains/anhducfpt.site/public_html/wp-content/themes/flatsome/template-parts/header/partials/element-cart.php on line 31

2021-07-02T22:09:00+00:00 CRITICAL Uncaught Error: Call to a member function get_cart_subtotal() on null in /home/rvmdlzwo/domains/anhducfpt.site/public_html/wp-content/themes/flatsome/template-parts/header/partials/element-cart.php:31
Stack trace:
#0 /home/rvmdlzwo/domains/anhducfpt.site/public_html/wp-includes/template.php(732): require()
#1 /home/rvmdlzwo/domains/anhducfpt.site/public_html/wp-includes/template.php(676): load_template('/home/rvmdlzwo/...', false, Array)
#2 /home/rvmdlzwo/domains/anhducfpt.site/public_html/wp-includes/general-template.php(204): locate_template(Array, true, false, Array)
#3 /home/rvmdlzwo/domains/anhducfpt.site/public_html/wp-content/themes/flatsome/inc/structure/structure-header.php(97): get_template_part('template-parts/...', '')
#4 /home/rvmdlzwo/domains/anhducfpt.site/public_html/wp-content/themes/flatsome/template-parts/header/header-main.php(27): flatsome_header_elements('header_elements...')
#5 /home/rvmdlzwo/domains/anhducfpt.site/public_html/wp-includes/template.php(732): require('/home/rvmdlzwo/...') in /home/rvmdlzwo/domains/anhducfpt.site/public_html/wp-content/themes/flatsome/template-parts/header/partials/element-cart.php on line 31

2021-07-02T22:09:02+00:00 CRITICAL Uncaught Error: Call to a member function get_cart_subtotal() on null in /home/rvmdlzwo/domains/anhducfpt.site/public_html/wp-content/themes/flatsome/template-parts/header/partials/element-cart.php:31
Stack trace:
#0 /home/rvmdlzwo/domains/anhducfpt.site/public_html/wp-includes/template.php(732): require()
#1 /home/rvmdlzwo/domains/anhducfpt.site/public_html/wp-includes/template.php(676): load_template('/home/rvmdlzwo/...', false, Array)
#2 /home/rvmdlzwo/domains/anhducfpt.site/public_html/wp-includes/general-template.php(204): locate_template(Array, true, false, Array)
#3 /home/rvmdlzwo/domains/anhducfpt.site/public_html/wp-content/themes/flatsome/inc/structure/structure-header.php(97): get_template_part('template-parts/...', '')
#4 /home/rvmdlzwo/domains/anhducfpt.site/public_html/wp-content/themes/flatsome/template-parts/header/header-main.php(27): flatsome_header_elements('header_elements...')
#5 /home/rvmdlzwo/domains/anhducfpt.site/public_html/wp-includes/template.php(732): require('/home/rvmdlzwo/...') in /home/rvmdlzwo/domains/anhducfpt.site/public_html/wp-content/themes/flatsome/template-parts/header/partials/element-cart.php on line 31

2021-07-02T23:41:36+00:00 CRITICAL Uncaught Error: Call to a member function get_cart_subtotal() on null in /home/rvmdlzwo/domains/anhducfpt.site/public_html/wp-content/themes/flatsome/template-parts/header/partials/element-cart.php:31
Stack trace:
#0 /home/rvmdlzwo/domains/anhducfpt.site/public_html/wp-includes/template.php(732): require()
#1 /home/rvmdlzwo/domains/anhducfpt.site/public_html/wp-includes/template.php(676): load_template('/home/rvmdlzwo/...', false, Array)
#2 /home/rvmdlzwo/domains/anhducfpt.site/public_html/wp-includes/general-template.php(204): locate_template(Array, true, false, Array)
#3 /home/rvmdlzwo/domains/anhducfpt.site/public_html/wp-content/themes/flatsome/inc/structure/structure-header.php(97): get_template_part('template-parts/...', '')
#4 /home/rvmdlzwo/domains/anhducfpt.site/public_html/wp-content/themes/flatsome/template-parts/header/header-main.php(27): flatsome_header_elements('header_elements...')
#5 /home/rvmdlzwo/domains/anhducfpt.site/public_html/wp-includes/template.php(732): require('/home/rvmdlzwo/...') in /home/rvmdlzwo/domains/anhducfpt.site/public_html/wp-content/themes/flatsome/template-parts/header/partials/element-cart.php on line 31

2021-07-02T23:41:38+00:00 CRITICAL Uncaught Error: Call to a member function get_cart_subtotal() on null in /home/rvmdlzwo/domains/anhducfpt.site/public_html/wp-content/themes/flatsome/template-parts/header/partials/element-cart.php:31
Stack trace:
#0 /home/rvmdlzwo/domains/anhducfpt.site/public_html/wp-includes/template.php(732): require()
#1 /home/rvmdlzwo/domains/anhducfpt.site/public_html/wp-includes/template.php(676): load_template('/home/rvmdlzwo/...', false, Array)
#2 /home/rvmdlzwo/domains/anhducfpt.site/public_html/wp-includes/general-template.php(204): locate_template(Array, true, false, Array)
#3 /home/rvmdlzwo/domains/anhducfpt.site/public_html/wp-content/themes/flatsome/inc/structure/structure-header.php(97): get_template_part('template-parts/...', '')
#4 /home/rvmdlzwo/domains/anhducfpt.site/public_html/wp-content/themes/flatsome/template-parts/header/header-main.php(27): flatsome_header_elements('header_elements...')
#5 /home/rvmdlzwo/domains/anhducfpt.site/public_html/wp-includes/template.php(732): require('/home/rvmdlzwo/...') in /home/rvmdlzwo/domains/anhducfpt.site/public_html/wp-content/themes/flatsome/template-parts/header/partials/element-cart.php on line 31

