2021-07-13T00:46:22+00:00 CRITICAL Uncaught Error: Call to a member function get_cart_subtotal() on null in /home/rvmdlzwo/domains/anhducfpt.site/public_html/wp-content/themes/flatsome/template-parts/header/partials/element-cart.php:31
Stack trace:
#0 /home/rvmdlzwo/domains/anhducfpt.site/public_html/wp-includes/template.php(732): require()
#1 /home/rvmdlzwo/domains/anhducfpt.site/public_html/wp-includes/template.php(676): load_template('/home/rvmdlzwo/...', false, Array)
#2 /home/rvmdlzwo/domains/anhducfpt.site/public_html/wp-includes/general-template.php(204): locate_template(Array, true, false, Array)
#3 /home/rvmdlzwo/domains/anhducfpt.site/public_html/wp-content/themes/flatsome/inc/structure/structure-header.php(97): get_template_part('template-parts/...', '')
#4 /home/rvmdlzwo/domains/anhducfpt.site/public_html/wp-content/themes/flatsome/template-parts/header/header-main.php(27): flatsome_header_elements('header_elements...')
#5 /home/rvmdlzwo/domains/anhducfpt.site/public_html/wp-includes/template.php(732): require('/home/rvmdlzwo/...') in /home/rvmdlzwo/domains/anhducfpt.site/public_html/wp-content/themes/flatsome/template-parts/header/partials/element-cart.php on line 31

2021-07-13T00:46:24+00:00 CRITICAL Uncaught Error: Call to a member function get_cart_subtotal() on null in /home/rvmdlzwo/domains/anhducfpt.site/public_html/wp-content/themes/flatsome/template-parts/header/partials/element-cart.php:31
Stack trace:
#0 /home/rvmdlzwo/domains/anhducfpt.site/public_html/wp-includes/template.php(732): require()
#1 /home/rvmdlzwo/domains/anhducfpt.site/public_html/wp-includes/template.php(676): load_template('/home/rvmdlzwo/...', false, Array)
#2 /home/rvmdlzwo/domains/anhducfpt.site/public_html/wp-includes/general-template.php(204): locate_template(Array, true, false, Array)
#3 /home/rvmdlzwo/domains/anhducfpt.site/public_html/wp-content/themes/flatsome/inc/structure/structure-header.php(97): get_template_part('template-parts/...', '')
#4 /home/rvmdlzwo/domains/anhducfpt.site/public_html/wp-content/themes/flatsome/template-parts/header/header-main.php(27): flatsome_header_elements('header_elements...')
#5 /home/rvmdlzwo/domains/anhducfpt.site/public_html/wp-includes/template.php(732): require('/home/rvmdlzwo/...') in /home/rvmdlzwo/domains/anhducfpt.site/public_html/wp-content/themes/flatsome/template-parts/header/partials/element-cart.php on line 31

2021-07-13T04:47:00+00:00 CRITICAL Uncaught Error: Call to a member function get_cart_subtotal() on null in /home/rvmdlzwo/domains/anhducfpt.site/public_html/wp-content/themes/flatsome/template-parts/header/partials/element-cart.php:31
Stack trace:
#0 /home/rvmdlzwo/domains/anhducfpt.site/public_html/wp-includes/template.php(732): require()
#1 /home/rvmdlzwo/domains/anhducfpt.site/public_html/wp-includes/template.php(676): load_template('/home/rvmdlzwo/...', false, Array)
#2 /home/rvmdlzwo/domains/anhducfpt.site/public_html/wp-includes/general-template.php(204): locate_template(Array, true, false, Array)
#3 /home/rvmdlzwo/domains/anhducfpt.site/public_html/wp-content/themes/flatsome/inc/structure/structure-header.php(97): get_template_part('template-parts/...', '')
#4 /home/rvmdlzwo/domains/anhducfpt.site/public_html/wp-content/themes/flatsome/template-parts/header/header-main.php(27): flatsome_header_elements('header_elements...')
#5 /home/rvmdlzwo/domains/anhducfpt.site/public_html/wp-includes/template.php(732): require('/home/rvmdlzwo/...') in /home/rvmdlzwo/domains/anhducfpt.site/public_html/wp-content/themes/flatsome/template-parts/header/partials/element-cart.php on line 31

2021-07-13T04:47:02+00:00 CRITICAL Uncaught Error: Call to a member function get_cart_subtotal() on null in /home/rvmdlzwo/domains/anhducfpt.site/public_html/wp-content/themes/flatsome/template-parts/header/partials/element-cart.php:31
Stack trace:
#0 /home/rvmdlzwo/domains/anhducfpt.site/public_html/wp-includes/template.php(732): require()
#1 /home/rvmdlzwo/domains/anhducfpt.site/public_html/wp-includes/template.php(676): load_template('/home/rvmdlzwo/...', false, Array)
#2 /home/rvmdlzwo/domains/anhducfpt.site/public_html/wp-includes/general-template.php(204): locate_template(Array, true, false, Array)
#3 /home/rvmdlzwo/domains/anhducfpt.site/public_html/wp-content/themes/flatsome/inc/structure/structure-header.php(97): get_template_part('template-parts/...', '')
#4 /home/rvmdlzwo/domains/anhducfpt.site/public_html/wp-content/themes/flatsome/template-parts/header/header-main.php(27): flatsome_header_elements('header_elements...')
#5 /home/rvmdlzwo/domains/anhducfpt.site/public_html/wp-includes/template.php(732): require('/home/rvmdlzwo/...') in /home/rvmdlzwo/domains/anhducfpt.site/public_html/wp-content/themes/flatsome/template-parts/header/partials/element-cart.php on line 31

2021-07-13T04:55:21+00:00 CRITICAL Uncaught Error: Call to a member function get_cart_subtotal() on null in /home/rvmdlzwo/domains/anhducfpt.site/public_html/wp-content/themes/flatsome/template-parts/header/partials/element-cart.php:31
Stack trace:
#0 /home/rvmdlzwo/domains/anhducfpt.site/public_html/wp-includes/template.php(732): require()
#1 /home/rvmdlzwo/domains/anhducfpt.site/public_html/wp-includes/template.php(676): load_template('/home/rvmdlzwo/...', false, Array)
#2 /home/rvmdlzwo/domains/anhducfpt.site/public_html/wp-includes/general-template.php(204): locate_template(Array, true, false, Array)
#3 /home/rvmdlzwo/domains/anhducfpt.site/public_html/wp-content/themes/flatsome/inc/structure/structure-header.php(97): get_template_part('template-parts/...', '')
#4 /home/rvmdlzwo/domains/anhducfpt.site/public_html/wp-content/themes/flatsome/template-parts/header/header-main.php(27): flatsome_header_elements('header_elements...')
#5 /home/rvmdlzwo/domains/anhducfpt.site/public_html/wp-includes/template.php(732): require('/home/rvmdlzwo/...') in /home/rvmdlzwo/domains/anhducfpt.site/public_html/wp-content/themes/flatsome/template-parts/header/partials/element-cart.php on line 31

2021-07-13T04:55:23+00:00 CRITICAL Uncaught Error: Call to a member function get_cart_subtotal() on null in /home/rvmdlzwo/domains/anhducfpt.site/public_html/wp-content/themes/flatsome/template-parts/header/partials/element-cart.php:31
Stack trace:
#0 /home/rvmdlzwo/domains/anhducfpt.site/public_html/wp-includes/template.php(732): require()
#1 /home/rvmdlzwo/domains/anhducfpt.site/public_html/wp-includes/template.php(676): load_template('/home/rvmdlzwo/...', false, Array)
#2 /home/rvmdlzwo/domains/anhducfpt.site/public_html/wp-includes/general-template.php(204): locate_template(Array, true, false, Array)
#3 /home/rvmdlzwo/domains/anhducfpt.site/public_html/wp-content/themes/flatsome/inc/structure/structure-header.php(97): get_template_part('template-parts/...', '')
#4 /home/rvmdlzwo/domains/anhducfpt.site/public_html/wp-content/themes/flatsome/template-parts/header/header-main.php(27): flatsome_header_elements('header_elements...')
#5 /home/rvmdlzwo/domains/anhducfpt.site/public_html/wp-includes/template.php(732): require('/home/rvmdlzwo/...') in /home/rvmdlzwo/domains/anhducfpt.site/public_html/wp-content/themes/flatsome/template-parts/header/partials/element-cart.php on line 31

2021-07-13T08:53:03+00:00 CRITICAL Uncaught Error: Call to a member function get_cart_subtotal() on null in /home/rvmdlzwo/domains/anhducfpt.site/public_html/wp-content/themes/flatsome/template-parts/header/partials/element-cart.php:31
Stack trace:
#0 /home/rvmdlzwo/domains/anhducfpt.site/public_html/wp-includes/template.php(732): require()
#1 /home/rvmdlzwo/domains/anhducfpt.site/public_html/wp-includes/template.php(676): load_template('/home/rvmdlzwo/...', false, Array)
#2 /home/rvmdlzwo/domains/anhducfpt.site/public_html/wp-includes/general-template.php(204): locate_template(Array, true, false, Array)
#3 /home/rvmdlzwo/domains/anhducfpt.site/public_html/wp-content/themes/flatsome/inc/structure/structure-header.php(97): get_template_part('template-parts/...', '')
#4 /home/rvmdlzwo/domains/anhducfpt.site/public_html/wp-content/themes/flatsome/template-parts/header/header-main.php(27): flatsome_header_elements('header_elements...')
#5 /home/rvmdlzwo/domains/anhducfpt.site/public_html/wp-includes/template.php(732): require('/home/rvmdlzwo/...') in /home/rvmdlzwo/domains/anhducfpt.site/public_html/wp-content/themes/flatsome/template-parts/header/partials/element-cart.php on line 31

2021-07-13T08:53:05+00:00 CRITICAL Uncaught Error: Call to a member function get_cart_subtotal() on null in /home/rvmdlzwo/domains/anhducfpt.site/public_html/wp-content/themes/flatsome/template-parts/header/partials/element-cart.php:31
Stack trace:
#0 /home/rvmdlzwo/domains/anhducfpt.site/public_html/wp-includes/template.php(732): require()
#1 /home/rvmdlzwo/domains/anhducfpt.site/public_html/wp-includes/template.php(676): load_template('/home/rvmdlzwo/...', false, Array)
#2 /home/rvmdlzwo/domains/anhducfpt.site/public_html/wp-includes/general-template.php(204): locate_template(Array, true, false, Array)
#3 /home/rvmdlzwo/domains/anhducfpt.site/public_html/wp-content/themes/flatsome/inc/structure/structure-header.php(97): get_template_part('template-parts/...', '')
#4 /home/rvmdlzwo/domains/anhducfpt.site/public_html/wp-content/themes/flatsome/template-parts/header/header-main.php(27): flatsome_header_elements('header_elements...')
#5 /home/rvmdlzwo/domains/anhducfpt.site/public_html/wp-includes/template.php(732): require('/home/rvmdlzwo/...') in /home/rvmdlzwo/domains/anhducfpt.site/public_html/wp-content/themes/flatsome/template-parts/header/partials/element-cart.php on line 31

2021-07-13T11:12:41+00:00 CRITICAL Uncaught Error: Call to a member function get_cart_subtotal() on null in /home/rvmdlzwo/domains/anhducfpt.site/public_html/wp-content/themes/flatsome/template-parts/header/partials/element-cart.php:31
Stack trace:
#0 /home/rvmdlzwo/domains/anhducfpt.site/public_html/wp-includes/template.php(732): require()
#1 /home/rvmdlzwo/domains/anhducfpt.site/public_html/wp-includes/template.php(676): load_template('/home/rvmdlzwo/...', false, Array)
#2 /home/rvmdlzwo/domains/anhducfpt.site/public_html/wp-includes/general-template.php(204): locate_template(Array, true, false, Array)
#3 /home/rvmdlzwo/domains/anhducfpt.site/public_html/wp-content/themes/flatsome/inc/structure/structure-header.php(97): get_template_part('template-parts/...', '')
#4 /home/rvmdlzwo/domains/anhducfpt.site/public_html/wp-content/themes/flatsome/template-parts/header/header-main.php(27): flatsome_header_elements('header_elements...')
#5 /home/rvmdlzwo/domains/anhducfpt.site/public_html/wp-includes/template.php(732): require('/home/rvmdlzwo/...') in /home/rvmdlzwo/domains/anhducfpt.site/public_html/wp-content/themes/flatsome/template-parts/header/partials/element-cart.php on line 31

2021-07-13T11:12:43+00:00 CRITICAL Uncaught Error: Call to a member function get_cart_subtotal() on null in /home/rvmdlzwo/domains/anhducfpt.site/public_html/wp-content/themes/flatsome/template-parts/header/partials/element-cart.php:31
Stack trace:
#0 /home/rvmdlzwo/domains/anhducfpt.site/public_html/wp-includes/template.php(732): require()
#1 /home/rvmdlzwo/domains/anhducfpt.site/public_html/wp-includes/template.php(676): load_template('/home/rvmdlzwo/...', false, Array)
#2 /home/rvmdlzwo/domains/anhducfpt.site/public_html/wp-includes/general-template.php(204): locate_template(Array, true, false, Array)
#3 /home/rvmdlzwo/domains/anhducfpt.site/public_html/wp-content/themes/flatsome/inc/structure/structure-header.php(97): get_template_part('template-parts/...', '')
#4 /home/rvmdlzwo/domains/anhducfpt.site/public_html/wp-content/themes/flatsome/template-parts/header/header-main.php(27): flatsome_header_elements('header_elements...')
#5 /home/rvmdlzwo/domains/anhducfpt.site/public_html/wp-includes/template.php(732): require('/home/rvmdlzwo/...') in /home/rvmdlzwo/domains/anhducfpt.site/public_html/wp-content/themes/flatsome/template-parts/header/partials/element-cart.php on line 31

2021-07-13T11:16:04+00:00 CRITICAL Uncaught Error: Call to a member function get_cart_subtotal() on null in /home/rvmdlzwo/domains/anhducfpt.site/public_html/wp-content/themes/flatsome/template-parts/header/partials/element-cart.php:31
Stack trace:
#0 /home/rvmdlzwo/domains/anhducfpt.site/public_html/wp-includes/template.php(732): require()
#1 /home/rvmdlzwo/domains/anhducfpt.site/public_html/wp-includes/template.php(676): load_template('/home/rvmdlzwo/...', false, Array)
#2 /home/rvmdlzwo/domains/anhducfpt.site/public_html/wp-includes/general-template.php(204): locate_template(Array, true, false, Array)
#3 /home/rvmdlzwo/domains/anhducfpt.site/public_html/wp-content/themes/flatsome/inc/structure/structure-header.php(97): get_template_part('template-parts/...', '')
#4 /home/rvmdlzwo/domains/anhducfpt.site/public_html/wp-content/themes/flatsome/template-parts/header/header-main.php(27): flatsome_header_elements('header_elements...')
#5 /home/rvmdlzwo/domains/anhducfpt.site/public_html/wp-includes/template.php(732): require('/home/rvmdlzwo/...') in /home/rvmdlzwo/domains/anhducfpt.site/public_html/wp-content/themes/flatsome/template-parts/header/partials/element-cart.php on line 31

2021-07-13T11:16:06+00:00 CRITICAL Uncaught Error: Call to a member function get_cart_subtotal() on null in /home/rvmdlzwo/domains/anhducfpt.site/public_html/wp-content/themes/flatsome/template-parts/header/partials/element-cart.php:31
Stack trace:
#0 /home/rvmdlzwo/domains/anhducfpt.site/public_html/wp-includes/template.php(732): require()
#1 /home/rvmdlzwo/domains/anhducfpt.site/public_html/wp-includes/template.php(676): load_template('/home/rvmdlzwo/...', false, Array)
#2 /home/rvmdlzwo/domains/anhducfpt.site/public_html/wp-includes/general-template.php(204): locate_template(Array, true, false, Array)
#3 /home/rvmdlzwo/domains/anhducfpt.site/public_html/wp-content/themes/flatsome/inc/structure/structure-header.php(97): get_template_part('template-parts/...', '')
#4 /home/rvmdlzwo/domains/anhducfpt.site/public_html/wp-content/themes/flatsome/template-parts/header/header-main.php(27): flatsome_header_elements('header_elements...')
#5 /home/rvmdlzwo/domains/anhducfpt.site/public_html/wp-includes/template.php(732): require('/home/rvmdlzwo/...') in /home/rvmdlzwo/domains/anhducfpt.site/public_html/wp-content/themes/flatsome/template-parts/header/partials/element-cart.php on line 31

2021-07-13T13:19:38+00:00 CRITICAL Uncaught Error: Call to a member function get_cart_subtotal() on null in /home/rvmdlzwo/domains/anhducfpt.site/public_html/wp-content/themes/flatsome/template-parts/header/partials/element-cart.php:31
Stack trace:
#0 /home/rvmdlzwo/domains/anhducfpt.site/public_html/wp-includes/template.php(732): require()
#1 /home/rvmdlzwo/domains/anhducfpt.site/public_html/wp-includes/template.php(676): load_template('/home/rvmdlzwo/...', false, Array)
#2 /home/rvmdlzwo/domains/anhducfpt.site/public_html/wp-includes/general-template.php(204): locate_template(Array, true, false, Array)
#3 /home/rvmdlzwo/domains/anhducfpt.site/public_html/wp-content/themes/flatsome/inc/structure/structure-header.php(97): get_template_part('template-parts/...', '')
#4 /home/rvmdlzwo/domains/anhducfpt.site/public_html/wp-content/themes/flatsome/template-parts/header/header-main.php(27): flatsome_header_elements('header_elements...')
#5 /home/rvmdlzwo/domains/anhducfpt.site/public_html/wp-includes/template.php(732): require('/home/rvmdlzwo/...') in /home/rvmdlzwo/domains/anhducfpt.site/public_html/wp-content/themes/flatsome/template-parts/header/partials/element-cart.php on line 31

2021-07-13T13:19:40+00:00 CRITICAL Uncaught Error: Call to a member function get_cart_subtotal() on null in /home/rvmdlzwo/domains/anhducfpt.site/public_html/wp-content/themes/flatsome/template-parts/header/partials/element-cart.php:31
Stack trace:
#0 /home/rvmdlzwo/domains/anhducfpt.site/public_html/wp-includes/template.php(732): require()
#1 /home/rvmdlzwo/domains/anhducfpt.site/public_html/wp-includes/template.php(676): load_template('/home/rvmdlzwo/...', false, Array)
#2 /home/rvmdlzwo/domains/anhducfpt.site/public_html/wp-includes/general-template.php(204): locate_template(Array, true, false, Array)
#3 /home/rvmdlzwo/domains/anhducfpt.site/public_html/wp-content/themes/flatsome/inc/structure/structure-header.php(97): get_template_part('template-parts/...', '')
#4 /home/rvmdlzwo/domains/anhducfpt.site/public_html/wp-content/themes/flatsome/template-parts/header/header-main.php(27): flatsome_header_elements('header_elements...')
#5 /home/rvmdlzwo/domains/anhducfpt.site/public_html/wp-includes/template.php(732): require('/home/rvmdlzwo/...') in /home/rvmdlzwo/domains/anhducfpt.site/public_html/wp-content/themes/flatsome/template-parts/header/partials/element-cart.php on line 31

2021-07-13T13:55:13+00:00 CRITICAL Uncaught Error: Call to a member function get_cart_subtotal() on null in /home/rvmdlzwo/domains/anhducfpt.site/public_html/wp-content/themes/flatsome/template-parts/header/partials/element-cart.php:31
Stack trace:
#0 /home/rvmdlzwo/domains/anhducfpt.site/public_html/wp-includes/template.php(732): require()
#1 /home/rvmdlzwo/domains/anhducfpt.site/public_html/wp-includes/template.php(676): load_template('/home/rvmdlzwo/...', false, Array)
#2 /home/rvmdlzwo/domains/anhducfpt.site/public_html/wp-includes/general-template.php(204): locate_template(Array, true, false, Array)
#3 /home/rvmdlzwo/domains/anhducfpt.site/public_html/wp-content/themes/flatsome/inc/structure/structure-header.php(97): get_template_part('template-parts/...', '')
#4 /home/rvmdlzwo/domains/anhducfpt.site/public_html/wp-content/themes/flatsome/template-parts/header/header-main.php(27): flatsome_header_elements('header_elements...')
#5 /home/rvmdlzwo/domains/anhducfpt.site/public_html/wp-includes/template.php(732): require('/home/rvmdlzwo/...') in /home/rvmdlzwo/domains/anhducfpt.site/public_html/wp-content/themes/flatsome/template-parts/header/partials/element-cart.php on line 31

2021-07-13T13:55:16+00:00 CRITICAL Uncaught Error: Call to a member function get_cart_subtotal() on null in /home/rvmdlzwo/domains/anhducfpt.site/public_html/wp-content/themes/flatsome/template-parts/header/partials/element-cart.php:31
Stack trace:
#0 /home/rvmdlzwo/domains/anhducfpt.site/public_html/wp-includes/template.php(732): require()
#1 /home/rvmdlzwo/domains/anhducfpt.site/public_html/wp-includes/template.php(676): load_template('/home/rvmdlzwo/...', false, Array)
#2 /home/rvmdlzwo/domains/anhducfpt.site/public_html/wp-includes/general-template.php(204): locate_template(Array, true, false, Array)
#3 /home/rvmdlzwo/domains/anhducfpt.site/public_html/wp-content/themes/flatsome/inc/structure/structure-header.php(97): get_template_part('template-parts/...', '')
#4 /home/rvmdlzwo/domains/anhducfpt.site/public_html/wp-content/themes/flatsome/template-parts/header/header-main.php(27): flatsome_header_elements('header_elements...')
#5 /home/rvmdlzwo/domains/anhducfpt.site/public_html/wp-includes/template.php(732): require('/home/rvmdlzwo/...') in /home/rvmdlzwo/domains/anhducfpt.site/public_html/wp-content/themes/flatsome/template-parts/header/partials/element-cart.php on line 31

2021-07-13T18:33:38+00:00 CRITICAL Uncaught Error: Call to a member function get_cart_subtotal() on null in /home/rvmdlzwo/domains/anhducfpt.site/public_html/wp-content/themes/flatsome/template-parts/header/partials/element-cart.php:31
Stack trace:
#0 /home/rvmdlzwo/domains/anhducfpt.site/public_html/wp-includes/template.php(732): require()
#1 /home/rvmdlzwo/domains/anhducfpt.site/public_html/wp-includes/template.php(676): load_template('/home/rvmdlzwo/...', false, Array)
#2 /home/rvmdlzwo/domains/anhducfpt.site/public_html/wp-includes/general-template.php(204): locate_template(Array, true, false, Array)
#3 /home/rvmdlzwo/domains/anhducfpt.site/public_html/wp-content/themes/flatsome/inc/structure/structure-header.php(97): get_template_part('template-parts/...', '')
#4 /home/rvmdlzwo/domains/anhducfpt.site/public_html/wp-content/themes/flatsome/template-parts/header/header-main.php(27): flatsome_header_elements('header_elements...')
#5 /home/rvmdlzwo/domains/anhducfpt.site/public_html/wp-includes/template.php(732): require('/home/rvmdlzwo/...') in /home/rvmdlzwo/domains/anhducfpt.site/public_html/wp-content/themes/flatsome/template-parts/header/partials/element-cart.php on line 31

2021-07-13T18:33:39+00:00 CRITICAL Uncaught Error: Call to a member function get_cart_subtotal() on null in /home/rvmdlzwo/domains/anhducfpt.site/public_html/wp-content/themes/flatsome/template-parts/header/partials/element-cart.php:31
Stack trace:
#0 /home/rvmdlzwo/domains/anhducfpt.site/public_html/wp-includes/template.php(732): require()
#1 /home/rvmdlzwo/domains/anhducfpt.site/public_html/wp-includes/template.php(676): load_template('/home/rvmdlzwo/...', false, Array)
#2 /home/rvmdlzwo/domains/anhducfpt.site/public_html/wp-includes/general-template.php(204): locate_template(Array, true, false, Array)
#3 /home/rvmdlzwo/domains/anhducfpt.site/public_html/wp-content/themes/flatsome/inc/structure/structure-header.php(97): get_template_part('template-parts/...', '')
#4 /home/rvmdlzwo/domains/anhducfpt.site/public_html/wp-content/themes/flatsome/template-parts/header/header-main.php(27): flatsome_header_elements('header_elements...')
#5 /home/rvmdlzwo/domains/anhducfpt.site/public_html/wp-includes/template.php(732): require('/home/rvmdlzwo/...') in /home/rvmdlzwo/domains/anhducfpt.site/public_html/wp-content/themes/flatsome/template-parts/header/partials/element-cart.php on line 31

2021-07-13T20:45:32+00:00 CRITICAL Uncaught Error: Call to a member function get_cart_subtotal() on null in /home/rvmdlzwo/domains/anhducfpt.site/public_html/wp-content/themes/flatsome/template-parts/header/partials/element-cart.php:31
Stack trace:
#0 /home/rvmdlzwo/domains/anhducfpt.site/public_html/wp-includes/template.php(732): require()
#1 /home/rvmdlzwo/domains/anhducfpt.site/public_html/wp-includes/template.php(676): load_template('/home/rvmdlzwo/...', false, Array)
#2 /home/rvmdlzwo/domains/anhducfpt.site/public_html/wp-includes/general-template.php(204): locate_template(Array, true, false, Array)
#3 /home/rvmdlzwo/domains/anhducfpt.site/public_html/wp-content/themes/flatsome/inc/structure/structure-header.php(97): get_template_part('template-parts/...', '')
#4 /home/rvmdlzwo/domains/anhducfpt.site/public_html/wp-content/themes/flatsome/template-parts/header/header-main.php(27): flatsome_header_elements('header_elements...')
#5 /home/rvmdlzwo/domains/anhducfpt.site/public_html/wp-includes/template.php(732): require('/home/rvmdlzwo/...') in /home/rvmdlzwo/domains/anhducfpt.site/public_html/wp-content/themes/flatsome/template-parts/header/partials/element-cart.php on line 31

2021-07-13T20:45:35+00:00 CRITICAL Uncaught Error: Call to a member function get_cart_subtotal() on null in /home/rvmdlzwo/domains/anhducfpt.site/public_html/wp-content/themes/flatsome/template-parts/header/partials/element-cart.php:31
Stack trace:
#0 /home/rvmdlzwo/domains/anhducfpt.site/public_html/wp-includes/template.php(732): require()
#1 /home/rvmdlzwo/domains/anhducfpt.site/public_html/wp-includes/template.php(676): load_template('/home/rvmdlzwo/...', false, Array)
#2 /home/rvmdlzwo/domains/anhducfpt.site/public_html/wp-includes/general-template.php(204): locate_template(Array, true, false, Array)
#3 /home/rvmdlzwo/domains/anhducfpt.site/public_html/wp-content/themes/flatsome/inc/structure/structure-header.php(97): get_template_part('template-parts/...', '')
#4 /home/rvmdlzwo/domains/anhducfpt.site/public_html/wp-content/themes/flatsome/template-parts/header/header-main.php(27): flatsome_header_elements('header_elements...')
#5 /home/rvmdlzwo/domains/anhducfpt.site/public_html/wp-includes/template.php(732): require('/home/rvmdlzwo/...') in /home/rvmdlzwo/domains/anhducfpt.site/public_html/wp-content/themes/flatsome/template-parts/header/partials/element-cart.php on line 31

