2021-06-11T04:27:21+00:00 CRITICAL Uncaught Error: Call to a member function get_cart_subtotal() on null in /home/rvmdlzwo/domains/anhducfpt.site/public_html/wp-content/themes/flatsome/template-parts/header/partials/element-cart.php:31
Stack trace:
#0 /home/rvmdlzwo/domains/anhducfpt.site/public_html/wp-includes/template.php(732): require()
#1 /home/rvmdlzwo/domains/anhducfpt.site/public_html/wp-includes/template.php(676): load_template('/home/rvmdlzwo/...', false, Array)
#2 /home/rvmdlzwo/domains/anhducfpt.site/public_html/wp-includes/general-template.php(204): locate_template(Array, true, false, Array)
#3 /home/rvmdlzwo/domains/anhducfpt.site/public_html/wp-content/themes/flatsome/inc/structure/structure-header.php(97): get_template_part('template-parts/...', '')
#4 /home/rvmdlzwo/domains/anhducfpt.site/public_html/wp-content/themes/flatsome/template-parts/header/header-main.php(27): flatsome_header_elements('header_elements...')
#5 /home/rvmdlzwo/domains/anhducfpt.site/public_html/wp-includes/template.php(732): require('/home/rvmdlzwo/...') in /home/rvmdlzwo/domains/anhducfpt.site/public_html/wp-content/themes/flatsome/template-parts/header/partials/element-cart.php on line 31

2021-06-11T04:27:25+00:00 CRITICAL Uncaught Error: Call to a member function get_cart_subtotal() on null in /home/rvmdlzwo/domains/anhducfpt.site/public_html/wp-content/themes/flatsome/template-parts/header/partials/element-cart.php:31
Stack trace:
#0 /home/rvmdlzwo/domains/anhducfpt.site/public_html/wp-includes/template.php(732): require()
#1 /home/rvmdlzwo/domains/anhducfpt.site/public_html/wp-includes/template.php(676): load_template('/home/rvmdlzwo/...', false, Array)
#2 /home/rvmdlzwo/domains/anhducfpt.site/public_html/wp-includes/general-template.php(204): locate_template(Array, true, false, Array)
#3 /home/rvmdlzwo/domains/anhducfpt.site/public_html/wp-content/themes/flatsome/inc/structure/structure-header.php(97): get_template_part('template-parts/...', '')
#4 /home/rvmdlzwo/domains/anhducfpt.site/public_html/wp-content/themes/flatsome/template-parts/header/header-main.php(27): flatsome_header_elements('header_elements...')
#5 /home/rvmdlzwo/domains/anhducfpt.site/public_html/wp-includes/template.php(732): require('/home/rvmdlzwo/...') in /home/rvmdlzwo/domains/anhducfpt.site/public_html/wp-content/themes/flatsome/template-parts/header/partials/element-cart.php on line 31

2021-06-11T05:02:43+00:00 CRITICAL Uncaught Error: Call to a member function get_cart_subtotal() on null in /home/rvmdlzwo/domains/anhducfpt.site/public_html/wp-content/themes/flatsome/template-parts/header/partials/element-cart.php:31
Stack trace:
#0 /home/rvmdlzwo/domains/anhducfpt.site/public_html/wp-includes/template.php(732): require()
#1 /home/rvmdlzwo/domains/anhducfpt.site/public_html/wp-includes/template.php(676): load_template('/home/rvmdlzwo/...', false, Array)
#2 /home/rvmdlzwo/domains/anhducfpt.site/public_html/wp-includes/general-template.php(204): locate_template(Array, true, false, Array)
#3 /home/rvmdlzwo/domains/anhducfpt.site/public_html/wp-content/themes/flatsome/inc/structure/structure-header.php(97): get_template_part('template-parts/...', '')
#4 /home/rvmdlzwo/domains/anhducfpt.site/public_html/wp-content/themes/flatsome/template-parts/header/header-main.php(27): flatsome_header_elements('header_elements...')
#5 /home/rvmdlzwo/domains/anhducfpt.site/public_html/wp-includes/template.php(732): require('/home/rvmdlzwo/...') in /home/rvmdlzwo/domains/anhducfpt.site/public_html/wp-content/themes/flatsome/template-parts/header/partials/element-cart.php on line 31

2021-06-11T05:02:45+00:00 CRITICAL Uncaught Error: Call to a member function get_cart_subtotal() on null in /home/rvmdlzwo/domains/anhducfpt.site/public_html/wp-content/themes/flatsome/template-parts/header/partials/element-cart.php:31
Stack trace:
#0 /home/rvmdlzwo/domains/anhducfpt.site/public_html/wp-includes/template.php(732): require()
#1 /home/rvmdlzwo/domains/anhducfpt.site/public_html/wp-includes/template.php(676): load_template('/home/rvmdlzwo/...', false, Array)
#2 /home/rvmdlzwo/domains/anhducfpt.site/public_html/wp-includes/general-template.php(204): locate_template(Array, true, false, Array)
#3 /home/rvmdlzwo/domains/anhducfpt.site/public_html/wp-content/themes/flatsome/inc/structure/structure-header.php(97): get_template_part('template-parts/...', '')
#4 /home/rvmdlzwo/domains/anhducfpt.site/public_html/wp-content/themes/flatsome/template-parts/header/header-main.php(27): flatsome_header_elements('header_elements...')
#5 /home/rvmdlzwo/domains/anhducfpt.site/public_html/wp-includes/template.php(732): require('/home/rvmdlzwo/...') in /home/rvmdlzwo/domains/anhducfpt.site/public_html/wp-content/themes/flatsome/template-parts/header/partials/element-cart.php on line 31

