2021-06-27T07:38:08+00:00 CRITICAL Uncaught Error: Call to a member function get_cart_subtotal() on null in /home/rvmdlzwo/domains/anhducfpt.site/public_html/wp-content/themes/flatsome/template-parts/header/partials/element-cart.php:31
Stack trace:
#0 /home/rvmdlzwo/domains/anhducfpt.site/public_html/wp-includes/template.php(732): require()
#1 /home/rvmdlzwo/domains/anhducfpt.site/public_html/wp-includes/template.php(676): load_template('/home/rvmdlzwo/...', false, Array)
#2 /home/rvmdlzwo/domains/anhducfpt.site/public_html/wp-includes/general-template.php(204): locate_template(Array, true, false, Array)
#3 /home/rvmdlzwo/domains/anhducfpt.site/public_html/wp-content/themes/flatsome/inc/structure/structure-header.php(97): get_template_part('template-parts/...', '')
#4 /home/rvmdlzwo/domains/anhducfpt.site/public_html/wp-content/themes/flatsome/template-parts/header/header-main.php(27): flatsome_header_elements('header_elements...')
#5 /home/rvmdlzwo/domains/anhducfpt.site/public_html/wp-includes/template.php(732): require('/home/rvmdlzwo/...') in /home/rvmdlzwo/domains/anhducfpt.site/public_html/wp-content/themes/flatsome/template-parts/header/partials/element-cart.php on line 31

2021-06-27T07:38:11+00:00 CRITICAL Uncaught Error: Call to a member function get_cart_subtotal() on null in /home/rvmdlzwo/domains/anhducfpt.site/public_html/wp-content/themes/flatsome/template-parts/header/partials/element-cart.php:31
Stack trace:
#0 /home/rvmdlzwo/domains/anhducfpt.site/public_html/wp-includes/template.php(732): require()
#1 /home/rvmdlzwo/domains/anhducfpt.site/public_html/wp-includes/template.php(676): load_template('/home/rvmdlzwo/...', false, Array)
#2 /home/rvmdlzwo/domains/anhducfpt.site/public_html/wp-includes/general-template.php(204): locate_template(Array, true, false, Array)
#3 /home/rvmdlzwo/domains/anhducfpt.site/public_html/wp-content/themes/flatsome/inc/structure/structure-header.php(97): get_template_part('template-parts/...', '')
#4 /home/rvmdlzwo/domains/anhducfpt.site/public_html/wp-content/themes/flatsome/template-parts/header/header-main.php(27): flatsome_header_elements('header_elements...')
#5 /home/rvmdlzwo/domains/anhducfpt.site/public_html/wp-includes/template.php(732): require('/home/rvmdlzwo/...') in /home/rvmdlzwo/domains/anhducfpt.site/public_html/wp-content/themes/flatsome/template-parts/header/partials/element-cart.php on line 31

2021-06-27T10:48:11+00:00 CRITICAL Uncaught Error: Call to a member function get_cart_subtotal() on null in /home/rvmdlzwo/domains/anhducfpt.site/public_html/wp-content/themes/flatsome/template-parts/header/partials/element-cart.php:31
Stack trace:
#0 /home/rvmdlzwo/domains/anhducfpt.site/public_html/wp-includes/template.php(732): require()
#1 /home/rvmdlzwo/domains/anhducfpt.site/public_html/wp-includes/template.php(676): load_template('/home/rvmdlzwo/...', false, Array)
#2 /home/rvmdlzwo/domains/anhducfpt.site/public_html/wp-includes/general-template.php(204): locate_template(Array, true, false, Array)
#3 /home/rvmdlzwo/domains/anhducfpt.site/public_html/wp-content/themes/flatsome/inc/structure/structure-header.php(97): get_template_part('template-parts/...', '')
#4 /home/rvmdlzwo/domains/anhducfpt.site/public_html/wp-content/themes/flatsome/template-parts/header/header-main.php(27): flatsome_header_elements('header_elements...')
#5 /home/rvmdlzwo/domains/anhducfpt.site/public_html/wp-includes/template.php(732): require('/home/rvmdlzwo/...') in /home/rvmdlzwo/domains/anhducfpt.site/public_html/wp-content/themes/flatsome/template-parts/header/partials/element-cart.php on line 31

2021-06-27T10:48:13+00:00 CRITICAL Uncaught Error: Call to a member function get_cart_subtotal() on null in /home/rvmdlzwo/domains/anhducfpt.site/public_html/wp-content/themes/flatsome/template-parts/header/partials/element-cart.php:31
Stack trace:
#0 /home/rvmdlzwo/domains/anhducfpt.site/public_html/wp-includes/template.php(732): require()
#1 /home/rvmdlzwo/domains/anhducfpt.site/public_html/wp-includes/template.php(676): load_template('/home/rvmdlzwo/...', false, Array)
#2 /home/rvmdlzwo/domains/anhducfpt.site/public_html/wp-includes/general-template.php(204): locate_template(Array, true, false, Array)
#3 /home/rvmdlzwo/domains/anhducfpt.site/public_html/wp-content/themes/flatsome/inc/structure/structure-header.php(97): get_template_part('template-parts/...', '')
#4 /home/rvmdlzwo/domains/anhducfpt.site/public_html/wp-content/themes/flatsome/template-parts/header/header-main.php(27): flatsome_header_elements('header_elements...')
#5 /home/rvmdlzwo/domains/anhducfpt.site/public_html/wp-includes/template.php(732): require('/home/rvmdlzwo/...') in /home/rvmdlzwo/domains/anhducfpt.site/public_html/wp-content/themes/flatsome/template-parts/header/partials/element-cart.php on line 31

2021-06-27T14:35:28+00:00 CRITICAL Uncaught Error: Call to a member function get_cart_subtotal() on null in /home/rvmdlzwo/domains/anhducfpt.site/public_html/wp-content/themes/flatsome/template-parts/header/partials/element-cart.php:31
Stack trace:
#0 /home/rvmdlzwo/domains/anhducfpt.site/public_html/wp-includes/template.php(732): require()
#1 /home/rvmdlzwo/domains/anhducfpt.site/public_html/wp-includes/template.php(676): load_template('/home/rvmdlzwo/...', false, Array)
#2 /home/rvmdlzwo/domains/anhducfpt.site/public_html/wp-includes/general-template.php(204): locate_template(Array, true, false, Array)
#3 /home/rvmdlzwo/domains/anhducfpt.site/public_html/wp-content/themes/flatsome/inc/structure/structure-header.php(97): get_template_part('template-parts/...', '')
#4 /home/rvmdlzwo/domains/anhducfpt.site/public_html/wp-content/themes/flatsome/template-parts/header/header-main.php(27): flatsome_header_elements('header_elements...')
#5 /home/rvmdlzwo/domains/anhducfpt.site/public_html/wp-includes/template.php(732): require('/home/rvmdlzwo/...') in /home/rvmdlzwo/domains/anhducfpt.site/public_html/wp-content/themes/flatsome/template-parts/header/partials/element-cart.php on line 31

2021-06-27T14:35:31+00:00 CRITICAL Uncaught Error: Call to a member function get_cart_subtotal() on null in /home/rvmdlzwo/domains/anhducfpt.site/public_html/wp-content/themes/flatsome/template-parts/header/partials/element-cart.php:31
Stack trace:
#0 /home/rvmdlzwo/domains/anhducfpt.site/public_html/wp-includes/template.php(732): require()
#1 /home/rvmdlzwo/domains/anhducfpt.site/public_html/wp-includes/template.php(676): load_template('/home/rvmdlzwo/...', false, Array)
#2 /home/rvmdlzwo/domains/anhducfpt.site/public_html/wp-includes/general-template.php(204): locate_template(Array, true, false, Array)
#3 /home/rvmdlzwo/domains/anhducfpt.site/public_html/wp-content/themes/flatsome/inc/structure/structure-header.php(97): get_template_part('template-parts/...', '')
#4 /home/rvmdlzwo/domains/anhducfpt.site/public_html/wp-content/themes/flatsome/template-parts/header/header-main.php(27): flatsome_header_elements('header_elements...')
#5 /home/rvmdlzwo/domains/anhducfpt.site/public_html/wp-includes/template.php(732): require('/home/rvmdlzwo/...') in /home/rvmdlzwo/domains/anhducfpt.site/public_html/wp-content/themes/flatsome/template-parts/header/partials/element-cart.php on line 31

2021-06-27T16:14:47+00:00 CRITICAL Uncaught Error: Call to a member function get_cart_subtotal() on null in /home/rvmdlzwo/domains/anhducfpt.site/public_html/wp-content/themes/flatsome/template-parts/header/partials/element-cart.php:31
Stack trace:
#0 /home/rvmdlzwo/domains/anhducfpt.site/public_html/wp-includes/template.php(732): require()
#1 /home/rvmdlzwo/domains/anhducfpt.site/public_html/wp-includes/template.php(676): load_template('/home/rvmdlzwo/...', false, Array)
#2 /home/rvmdlzwo/domains/anhducfpt.site/public_html/wp-includes/general-template.php(204): locate_template(Array, true, false, Array)
#3 /home/rvmdlzwo/domains/anhducfpt.site/public_html/wp-content/themes/flatsome/inc/structure/structure-header.php(97): get_template_part('template-parts/...', '')
#4 /home/rvmdlzwo/domains/anhducfpt.site/public_html/wp-content/themes/flatsome/template-parts/header/header-main.php(27): flatsome_header_elements('header_elements...')
#5 /home/rvmdlzwo/domains/anhducfpt.site/public_html/wp-includes/template.php(732): require('/home/rvmdlzwo/...') in /home/rvmdlzwo/domains/anhducfpt.site/public_html/wp-content/themes/flatsome/template-parts/header/partials/element-cart.php on line 31

2021-06-27T16:14:49+00:00 CRITICAL Uncaught Error: Call to a member function get_cart_subtotal() on null in /home/rvmdlzwo/domains/anhducfpt.site/public_html/wp-content/themes/flatsome/template-parts/header/partials/element-cart.php:31
Stack trace:
#0 /home/rvmdlzwo/domains/anhducfpt.site/public_html/wp-includes/template.php(732): require()
#1 /home/rvmdlzwo/domains/anhducfpt.site/public_html/wp-includes/template.php(676): load_template('/home/rvmdlzwo/...', false, Array)
#2 /home/rvmdlzwo/domains/anhducfpt.site/public_html/wp-includes/general-template.php(204): locate_template(Array, true, false, Array)
#3 /home/rvmdlzwo/domains/anhducfpt.site/public_html/wp-content/themes/flatsome/inc/structure/structure-header.php(97): get_template_part('template-parts/...', '')
#4 /home/rvmdlzwo/domains/anhducfpt.site/public_html/wp-content/themes/flatsome/template-parts/header/header-main.php(27): flatsome_header_elements('header_elements...')
#5 /home/rvmdlzwo/domains/anhducfpt.site/public_html/wp-includes/template.php(732): require('/home/rvmdlzwo/...') in /home/rvmdlzwo/domains/anhducfpt.site/public_html/wp-content/themes/flatsome/template-parts/header/partials/element-cart.php on line 31

2021-06-27T20:46:09+00:00 CRITICAL Uncaught Error: Call to a member function get_cart_subtotal() on null in /home/rvmdlzwo/domains/anhducfpt.site/public_html/wp-content/themes/flatsome/template-parts/header/partials/element-cart.php:31
Stack trace:
#0 /home/rvmdlzwo/domains/anhducfpt.site/public_html/wp-includes/template.php(732): require()
#1 /home/rvmdlzwo/domains/anhducfpt.site/public_html/wp-includes/template.php(676): load_template('/home/rvmdlzwo/...', false, Array)
#2 /home/rvmdlzwo/domains/anhducfpt.site/public_html/wp-includes/general-template.php(204): locate_template(Array, true, false, Array)
#3 /home/rvmdlzwo/domains/anhducfpt.site/public_html/wp-content/themes/flatsome/inc/structure/structure-header.php(97): get_template_part('template-parts/...', '')
#4 /home/rvmdlzwo/domains/anhducfpt.site/public_html/wp-content/themes/flatsome/template-parts/header/header-main.php(27): flatsome_header_elements('header_elements...')
#5 /home/rvmdlzwo/domains/anhducfpt.site/public_html/wp-includes/template.php(732): require('/home/rvmdlzwo/...') in /home/rvmdlzwo/domains/anhducfpt.site/public_html/wp-content/themes/flatsome/template-parts/header/partials/element-cart.php on line 31

2021-06-27T20:46:12+00:00 CRITICAL Uncaught Error: Call to a member function get_cart_subtotal() on null in /home/rvmdlzwo/domains/anhducfpt.site/public_html/wp-content/themes/flatsome/template-parts/header/partials/element-cart.php:31
Stack trace:
#0 /home/rvmdlzwo/domains/anhducfpt.site/public_html/wp-includes/template.php(732): require()
#1 /home/rvmdlzwo/domains/anhducfpt.site/public_html/wp-includes/template.php(676): load_template('/home/rvmdlzwo/...', false, Array)
#2 /home/rvmdlzwo/domains/anhducfpt.site/public_html/wp-includes/general-template.php(204): locate_template(Array, true, false, Array)
#3 /home/rvmdlzwo/domains/anhducfpt.site/public_html/wp-content/themes/flatsome/inc/structure/structure-header.php(97): get_template_part('template-parts/...', '')
#4 /home/rvmdlzwo/domains/anhducfpt.site/public_html/wp-content/themes/flatsome/template-parts/header/header-main.php(27): flatsome_header_elements('header_elements...')
#5 /home/rvmdlzwo/domains/anhducfpt.site/public_html/wp-includes/template.php(732): require('/home/rvmdlzwo/...') in /home/rvmdlzwo/domains/anhducfpt.site/public_html/wp-content/themes/flatsome/template-parts/header/partials/element-cart.php on line 31

